<?xml version="1.0" encoding="UTF-8"?>
<!-- Generated by org.testng.reporters.JUnitReportReporter -->
<testsuite skipped="0" hostname="macpk-wks-0135" name="Master.OrdersExecution3" tests="17" failures="0" timestamp="2020-02-27T20:15:57 PKT" time="694.427" errors="0">
  <testcase name="LoginApp" time="33.316" classname="Master.OrdersExecution3"/>
  <testcase name="Setting_EnterPayment_Uncheck" time="2.621" classname="Master.OrdersExecution3"/>
  <testcase name="Create_Quote_Actionbuttons" time="51.460" classname="Master.OrdersExecution3"/>
  <testcase name="Create_Invoice_Actionbuttons" time="47.325" classname="Master.OrdersExecution3"/>
  <testcase name="Create_SampleRequests_Actionbuttons" time="48.770" classname="Master.OrdersExecution3"/>
  <testcase name="Create_Order_Actionbuttons" time="49.189" classname="Master.OrdersExecution3"/>
  <testcase name="EnterPayment_Verification" time="29.834" classname="Master.OrdersExecution3"/>
  <testcase name="EnterPayment_NotDisplayed_Verification" time="67.581" classname="Master.OrdersExecution3"/>
  <testcase name="VerifyDecoratorEmailAddress" time="73.787" classname="Master.OrdersExecution3"/>
  <testcase name="Copy_LineItem" time="11.877" classname="Master.OrdersExecution3"/>
  <testcase name="VerifyContentCopyLineItem" time="9.588" classname="Master.OrdersExecution3"/>
  <testcase name="ImportLineItem" time="73.867" classname="Master.OrdersExecution3"/>
  <testcase name="SelectCurrentCustomerOnly" time="2.403" classname="Master.OrdersExecution3"/>
  <testcase name="DefaultDropDownValue" time="2.154" classname="Master.OrdersExecution3"/>
  <testcase name="EditProductModal_Configurationtab_VariantAttributesVerification" time="111.517" classname="Master.OrdersExecution3"/>
  <testcase name="EditProductModal_Configurationtab_AddLineItem_VariantAttributesVerification" time="3.900" classname="Master.OrdersExecution3"/>
  <testcase name="ViewandModifyProduct_NonAdmin" time="75.238" classname="Master.OrdersExecution3"/>
</testsuite> <!-- Master.OrdersExecution3 -->
