<?xml version="1.0" encoding="UTF-8"?>
<!-- Generated by org.testng.reporters.JUnitReportReporter -->
<testsuite hostname="PC-2239" failures="0" tests="4" name="Master.FebReleaseCRM" time="309.743" errors="0" timestamp="2020-03-20T12:01:46 EDT" skipped="0">
  <testcase classname="Master.FebReleaseCRM" name="LoginIdaho" time="152.530"/>
  <testcase classname="Master.FebReleaseCRM" name="CreateCustomerCompany" time="21.372"/>
  <testcase classname="Master.FebReleaseCRM" name="CreateVirtualSample_Admin" time="117.048"/>
  <testcase classname="Master.FebReleaseCRM" name="MergeWebsitesContact_CRM" time="18.793"/>
</testsuite> <!-- Master.FebReleaseCRM -->
