<?xml version="1.0" encoding="UTF-8"?>
<!-- Generated by org.testng.reporters.JUnitReportReporter -->
<testsuite skipped="0" hostname="macpk-wks-0135" name="Master.DecReleaseCRM" tests="4" failures="0" timestamp="2020-03-04T14:10:12 PKT" time="51.776" errors="0">
  <testcase name="LoginIdaho" time="4.763" classname="Master.DecReleaseCRM"/>
  <testcase name="VerifyOrdersDomain" time="3.553" classname="Master.DecReleaseCRM"/>
  <testcase name="CommonTaskCreation" time="24.751" classname="Master.DecReleaseCRM"/>
  <testcase name="Settings_EditCommonTask" time="18.709" classname="Master.DecReleaseCRM"/>
</testsuite> <!-- Master.DecReleaseCRM -->
