<?xml version="1.0" encoding="UTF-8"?>
<!-- Generated by org.testng.reporters.JUnitReportReporter -->
<testsuite hostname="PC-2239" failures="0" tests="18" name="Master.April2020ReleaseCRM" time="1092.810" errors="0" timestamp="2020-04-03T13:38:05 EDT" skipped="0">
  <testcase classname="Master.April2020ReleaseCRM" name="LoginIdaho" time="1.609"/>
  <testcase classname="Master.April2020ReleaseCRM" name="VerifyOrdersDomain" time="2.437"/>
  <testcase classname="Master.April2020ReleaseCRM" name="CreateContact" time="22.488"/>
  <testcase classname="Master.April2020ReleaseCRM" name="CreateCustomerCompany" time="50.811"/>
  <testcase classname="Master.April2020ReleaseCRM" name="CreateVirtualSample_Admin" time="152.756"/>
  <testcase classname="Master.April2020ReleaseCRM" name="VerifyVirualSampleName_Clickable" time="18.331"/>
  <testcase classname="Master.April2020ReleaseCRM" name="Verify_RecordOwner" time="13.412"/>
  <testcase classname="Master.April2020ReleaseCRM" name="Verify_VirtualSampleUnderCompany" time="14.750"/>
  <testcase classname="Master.April2020ReleaseCRM" name="EditVirtualSample_Admin" time="106.030"/>
  <testcase classname="Master.April2020ReleaseCRM" name="EditVirualSampleByAdmin_VisibilityRecordOwner_ValidateAtNonadmin" time="12.530"/>
  <testcase classname="Master.April2020ReleaseCRM" name="CreateVirualSampleByNonAdmin_VisibilityofVirtualSample_With_Everyone_ValidateAtadmin" time="207.855"/>
  <testcase classname="Master.April2020ReleaseCRM" name="CreateVirualSampleByNonAdmin_VerifyUnderCompany_ByfiltersMyDesign_ValidateAtadmin" time="83.135"/>
  <testcase classname="Master.April2020ReleaseCRM" name="SendVirualSample" time="7.540"/>
  <testcase classname="Master.April2020ReleaseCRM" name="CreateOrderFromVirualSample" time="97.212"/>
  <testcase classname="Master.April2020ReleaseCRM" name="CreateOrderBySelectVirtualSample" time="151.212"/>
  <testcase classname="Master.April2020ReleaseCRM" name="DeleteVirualSample" time="11.549"/>
  <testcase classname="Master.April2020ReleaseCRM" name="CreateContactFrom_Websites" time="118.752"/>
  <testcase classname="Master.April2020ReleaseCRM" name="MergeWebsitesContact_CRM" time="20.401"/>
</testsuite> <!-- Master.April2020ReleaseCRM -->
